make --dry-run --always-make --keep-going --print-directory
make: Entering directory '/home/sergio/Desktop/42Cursus/libft'
gcc -Wall -Wextra -Werror -c -o ft_isalpha.o ft_isalpha.c
 
gcc -Wall -Wextra -Werror -c -o ft_isdigit.o ft_isdigit.c
gcc -Wall -Wextra -Werror -c -o ft_tolower.o ft_tolower.c
gcc -Wall -Wextra -Werror -c -o ft_isalnum.o ft_isalnum.c
gcc -Wall -Wextra -Werror -c -o ft_isascii.o ft_isascii.c
gcc -Wall -Wextra -Werror -c -o ft_isprint.o ft_isprint.c
gcc -Wall -Wextra -Werror -c -o ft_strlen.o ft_strlen.c
gcc -Wall -Wextra -Werror -c -o ft_strncmp.o ft_strncmp.c
gcc -Wall -Wextra -Werror -c -o ft_memset.o ft_memset.c
gcc -Wall -Wextra -Werror -c -o ft_bzero.o ft_bzero.c
gcc -Wall -Wextra -Werror -c -o ft_memcpy.o ft_memcpy.c
gcc -Wall -Wextra -Werror -c -o ft_memmove.o ft_memmove.c
gcc -Wall -Wextra -Werror -c -o ft_strnstr.o ft_strnstr.c
gcc -Wall -Wextra -Werror -c -o ft_strlcpy.o ft_strlcpy.c
gcc -Wall -Wextra -Werror -c -o ft_strlcat.o ft_strlcat.c
gcc -Wall -Wextra -Werror -c -o ft_atoi.o ft_atoi.c
gcc -Wall -Wextra -Werror -c -o ft_strchr.o ft_strchr.c
gcc -Wall -Wextra -Werror -c -o ft_strrchr.o ft_strrchr.c
 
gcc -Wall -Wextra -Werror -c -o ft_memchr.o ft_memchr.c
gcc -Wall -Wextra -Werror -c -o ft_memcmp.o ft_memcmp.c
ar rcs libft.a ft_isalpha.o ft_isdigit.o ft_tolower.o ft_isalnum.o ft_isascii.o ft_isprint.o ft_strlen.o ft_strncmp.o ft_memset.o ft_bzero.o ft_memcpy.o ft_memmove.o ft_strnstr.o ft_strlcpy.o ft_strlcat.o ft_atoi.o ft_strchr.o ft_strrchr.o ft_memchr.o ft_memcmp.o
make: Leaving directory '/home/sergio/Desktop/42Cursus/libft'
 
